CPSC350-02
Programming Assignment 1: C++ Review
Kashish Pandey
ID Number: 002342588

The data from the text file assign1dna.txt is: 
Sum: 32
Mean: 6.4
Variance: 0.8
Standard Deviation: 0.894427

Relative probability of A: 0.25
Relative probability of C: 0.25
Relative probability of T: 0.25
Relative probability of G: 0.25

Relative probability of AA: 0.0625
Relative probability of AC: 0.1875
Relative probability of AT: 0.125
Relative probability of AG: 0.125

Relative probability of CA: 0.125
Relative probability of CC: 0.0625
Relative probability of CT: 0.1875
Relative probability of CG: 0.125

Relative probability of TA: 0.125
Relative probability of TC: 0.125
Relative probability of TT: 0.0625
Relative probability of TG: 0.125

Relative probability of GA: 0.0625
Relative probability of GC: 0.0625
Relative probability of GT: 0.0625
Relative probability of GG: 0.0625

Gaussian distribution of 1000 DNA strings: 
TTGAAACGCGTC
ATACCGTG
ATTCAGGC
TGGTACAC
GCATCGAT
TGGTACAC
AACTTCGG
TCAG
CTGCAGAT
ACTTGCGA
CGTAACTG
GCTACTAG
GGTACATC
CATGAGTC
TAGATGCC
CGGCATTA
GAAGCCTT
TCATGAGC
CCGATAGT
GACGATCT
CATGATGC
AAGGTCCT
AGCTACGT
TGGTCCAA
TATGGCCA
AGCGATTC
GCCTATGA
TCTCGAAG
CACGATGT
AGTCTGAC
GTGTACAC
ACTAGCGT
TAATCCGG
ATGTCGAC
ACGGTCAT
TCTGCAAG
ATAGGTCC
GTGTACAC
ATGGACCT
CTGGACTA
GGTACTCA
GATTGCCA
GACTGCTA
CTCATGGA
CTCAGTAG
ACCGATGT
GTGTAACC
GCTATCAG
GAGCTCAT
TGCGTAAC
CATTAGCG
CTATCGGA
CAGT
TCAAGTGC
GTCTCGAA
GATATCGC
TAAGCTGC
TCTAGCGA
TCGTCGAA
AATGTCGC
GTCAACTG
TCAG
AAGCCTGT
TAGACCGT
GCCAGTTA
GCTCTAAG
TACTGCGA
TAGATGCC
CTGACGTA
CCTTAGAG
ATTCAGCG
TTCACAGG
ATGCGACT
GTAC
GATC
GCTGATAC
ACCATGGT
GACTCGTA
GCATATCG
ATCTGGCA
GCAT
GTACGCTA
CGAGTATC
TCAGCAGT
ACATCGGT
TGCATACG
TAATCGGC
ATAGTCGC
TCGATCGA
CGTGACAT
AACTCGGT
TGTGCACA
TGACCGAT
CGACGATT
TTGCACAG
GACTGACT
GTACTCGA
CGTCATGA
GTAGACTC
AGCACTTG
GCATACGT
GCACTAGT
TCTCAAGG
GGAACTCT
AGCT
CAACTTGG
ACCATGTG
CCTATAGG
TGAATCGC
GTCATGAC
CTGTAAGC
TGCTCAAG
TGAACCGT
GATCTGAC
GATGCTCA
GACCTATG
TCTGAGCA
GATCGACT
TACG
TTACGGAC
GACTGCAT
GACTCAGT
GCATGCAT
GTGCCATA
AGCATCTG
CGCTACAGGATT
AACGGCTT
CACGTTGA
TGCTGAAC
GACATCTG
GGTCTCAA
GACCGATT
CGCGTATA
CATAGGCT
CGTA
GTCACATG
TGGTACAC
CCAAGTTG
GCTATCGA
TTGACAGC
GAGTCACT
GCAACTGT
CGACGATT
CATG
GCAATCTG
TGACATGC
TCCTAGAG
GCTCATGA
TCGCTAGA
CGATCGTA
GATCTGAC
ATCATCGG
ACTG
CAGTAGCT
GCTAGCTA
TAGTGACC
GCTCTAGA
GATTCCAG
ATCTGGAC
TTGACCAG
CCTTGAGA
ATTCGGCA
GCTA
ATACGCTG
CCGAATTG
GGCTAATC
CAGTACGT
GTCCAGAT
TAGACCTG
GCCAAGTT
AGATCCGT
GTACCTAG
GTCAAGTC
TAACCGGT
CGTGTACA
TCTAGGAC
CCTGAGAT
TCCGAGTA
ACTATGCG
ATCCGATG
TCAACGGT
CATGGTCA
CTCGAAGT
CTCGATGA
CATGACTG
CGAGACTT
ATTGCGCA
GATTACCG
CAGACTGT
CGACAGTT
GCGATACT
CAGATTGC
GGCTCAAT
GGTACTAC
ATACGTGC
GTTCAGAC
TGCCAGAT
TGGTCACA
ATGC
ACGTAGCT
AGGTTCAC
ACCTGTAG
ATAGCCTG
AACTCGTG
CAGTTAGC
GCAAGTTC
TTCGCAAG
AAGGTCCT
ACAGGCTT
GGTTCACA
GCTA
GCAAGCTT
CTCGATGA
ATCGTCAG
TAGCGCTA
ATTCCGGA
CAGCGATT
CATCTGAG
CTGAATCG
GAGCTATC
AGGATCTC
ATGGCTAC
CGTACGTA
ATGGTACC
GATAGCTC
TAGCGCAT
GAAGCTCT
ATCGAGTC
CAGTTAGC
CATGGACT
ACTTACGG
GATCGCTA
TTAAGCCG
ACCAGGTT
GAAGCTCT
TCGA
TCGATACG
ATGTGACC
CGTGCAAT
AGCTGCTA
CATCGGTA
TTGGCCAA
TCCTGAGA
TAACGTGC
ATGGCATC
ATTGACGC
AGACGCTT
TCAATCGG
TTGCAGCA
CTGACTAG
GCTAGCTA
TGCCGTAA
GAGTCACT
CGGTTCAA
GCAATTGC
TCGACGTA
CGGATACT
GATGACTC
ATATCGGC
TGCATCGA
CTCTAAGG
AGAGTCTC
CGAGTTCA
CAGAGTTC
TCAGCTAG
GTCATCAG
ACAGGTTC
CTCTGGAA
TCTAACGG
TCGGCTAA
ACCGGTAT
ATTGCAGC
TCTGCAGA
AGTCTCGA
ACCATGGT
CCTGTAAG
TATCGAGC
TCGAGACT
CCTGATGA
TCGAGTAC
ATCG
CGACTGTA
GGCAATTC
GTTGCCAA
CGTTAACG
ACGTTGCA
ACGTCGTA
CGTA
CGGCAATT
CGTAATGC
CTTGCAGA
AGTCTGCA
CGTCAGTA
GACTATCG
CTGACATG
TCGTGCAA
GTAC
TAGCGTAC
CTCGGTAA
AAGCTGCT
CTACGTAG
TAAGCGCT
CTGA
TAAGCCTG
ATGTAGCC
TGCCTGAA
TTGCAAGC
TGTCAGCA
TAAGGTCC
ATGCCTGA
GTCAAGCT
ATCGTGAC
TTCAGCAG
CAGACTTG
TGAGCCAT
ACTG
CGCGTTAA
GGCCTTAA
ACGTTGCA
GCTCGATA
AGTCTAGC
GGAATCCT
TGAAGCCT
CATGACGT
GCCGTAAT
CGGTCAAT
ACGATTGC
ACGGTTAC
CGTATCAG
CGTCAATG
CATCTGGA
CAGTATGC
CTAACGTG
ACATCGGT
TATCAGGC
GCGAATTC
GCAGTCTA
GAACCGTT
GAGCATCT
TCGCATGA
GAGATTCC
GCAACTTG
CATCGTAG
CTGCTAGA
TGTGACCA
ATACGGTC
TTGAGCAC
TGCA
CCGATTGA
TCGA
CTAAGGCT
TTACGCAG
TCCATGGA
TGCA
GACCTAGT
CATG
GTTCAACG
GGATTCCA
GCTATACG
CGAATCTG
CCTAAGGT
TGAACTGC
CGACTAGT
AAGTTCCG
AGTGATCC
ATGCTGAC
ATTCGACG
AAGGCCTT
CCTAATGG
TTCGGAAC
ATTGCGCA
CACGTATG
TCTAGCAG
AGCGCTTA
CGAGTCTA
GACATGCATGCT
GAGTCCTA
TCGAACTG
GAGACTCT
TACGACGT
TTCCAGAG
TACGGACT
GCTTCAGA
ACTACTGG
ACTGTGAC
TCAG
CTAGGTAC
CGGTTAAC
CGAACTTG
ACTACTGG
GATCATGC
ATGCTCGA
AAGCTGTC
ATTCCGAG
CCTAGATG
CGTACTGA
CTGACTGA
TACTGAGC
CAGCGTTA
ATCCTAGG
AGGATCCT
CAAGCGTT
AGAGTCCT
TGCATGAC
GATGTCCA
ACGTTGCA
TAGCTCAG
AATCGGCT
CAAGTGTC
CCGTGTAA
AGATCCTG
TGACCGAT
CTAG
ACTTACGG
TCACAGGT
CCGAAGTT
GTGAATCC
AGCTATGC
CTGTGAAC
CGAGTACT
CATGATGC
CATG
CGCTAGAT
TGAATGCC
GTCTAACG
CTGGTCAA
GTATAGCC
TATAGGCC
TTCAGACG
ACATGTCG
CCTTGAGA
CTCGAGTA
TCCAGTGA
GCGTCTAA
CAGGTCAT
AGCCGATT
AGTCCAGT
ACTCGATG
ACACGTGT
CCTGAGTA
GTCGAACT
TGACACGT
CCATATGG
TAGATCCG
TAGTCCGA
CTTGGACA
GATC
TCGAGTCA
ACAGGTTC
ACCGTATG
GTCCGTAA
TAGTACGC
TCTGGACA
GATATCGC
CTAG
CGATAGTC
TGCAGCTA
GAATTGCC
AGCTCGAT
AGCTGATC
ACTG
ACTAGCTG
CAGCTTAG
GGCTCTAA
CATAGCTG
AGCTACTG
GTCCTAGA
TTCACGAG
TATGACCG
GCAAGTTC
CGAT
CTGACTGA
GCGAACTT
TGCCAAGT
ACATGTCG
TCGGCATA
GCGATCTA
CCAGTGTA
CTTCAGGA
TTGCACGA
ACGATCTG
GCTCGTAA
CAGTTACG
ATCGCGAT
GGTTCACA
CATGTGCA
GCTTGACA
TGTAACCG
GTTACAGC
CCGTTAGA
ATTCCAGG
GCCGTATA
AGTACGTC
GAATCCGT
TGTCCGAA
CGTAGTCA
ATACTCGG
ACTAGTGC
AGTTAGCC
TCTACGAG
ACGTCATG
ATCCGTGA
CGACGTAT
TGGCATCA
ACCTGGTA
TGCGATAC
CATCAGGT
GTTACGAC
TAGC
GCCATAGT
GCTGCTAA
GTCGATCA
GATGCATC
TACCGGAT
GGCTATAC
GCGTATCA
TGCGAACT
ACGATGCT
GTTCCAAG
CAGGTCTA
TGTCCAGA
CTAAGCGT
ACCGGTTA
CTGAGTAC
CATTGCAG
GATGATCC
ATGGCACT
CGCTGAAT
AGCAGTCT
ATCGCATG
TGACCTGA
TCAGTCAG
TGGTCACA
TCCAGTAG
GCAGTCTA
TCAGCTAG
GACCTGAT
AATCGGTC
CGGTACAT
GGCTTAAC
AGATTCGC
ATCACGTG
TGTCGAAC
GCGTCTAA
TCACGATG
ATCCGGTA
GGCCATAT
GATCTCAG
TCGATCGA
ACCGTGAT
ACTGAGCT
ACTCTGAG
ACAGCTGT
CGCATAGT
ACGTTGAC
TCCGATAG
AAGCGTTC
GCTA
TACCAGTG
AAGCGTTC
TCCATAGG
TCAGCAGT
AGTCTACG
ATTCGGCA
CCAAGGTT
TCGTCAGA
TTAAGCCG
CGCATGTA
CCAGTGTA
GTCATACG
GTCCAGTA
TGATCCGA
GACACTTG
GACGTACT
GCACTTGA
CAATCTGG
GTCTCAAG
GGTACATC
GTAGATCC
CAGT
CATTGAGC
CTTCGAGA
TTAGGCCA
CTATAGCG
CCATGAGT
AACGCGTT
CATGAGCT
AGTGACCT
CGTGCTAA
CTGCAGTA
GCATGCAT
TCTAGACG
TAGCGACT
CATG
GCTGAATC
GCGTCAAT
CATAGTGC
GACCGTTA
TAGTGCCA
ACATGGCT
TAGCGACT
CCTAGGTA
CGGCATTA
GCGTAATC
CTATAGGC
TTGCGACA
GAGATTCC
GGCAACTT
TATGGCAC
CTCAATGG
ACGGTACT
GCTA
GCTAGCAT
ACGT
TCCAGTGA
ATGTCCAG
AGTCCGTA
CTAGATGC
ATTCCGAG
GTCCGATA
TAACCGGT
AAGTCTCG
CATAGTCG
AGGTATCC
AGATGCTC
GAGCATTC
ATGCTGCA
AGATGTCC
AGTGTCAC
GGTCTACA
TAGGCTAC
ACTGCTGA
GCCTTGAA
TCACTGAG
GCTTCAGA
CGCTGAAT
TGCCGATA
GATTCCGA
GCGATACT
TGGCCATA
AATGTCGC
GACCATGT
AGCACTTG
TTGACCAG
AAGGTCTC
TCCTAAGG
GAACTTCG
ACGGATTC
ATCTGCGA
TTGAAGCC
AGCTATCG
AATTGCCG
GTTCCAAG
CGACAGTT
CTTACGAG
ACTTGCGA
ACGCATTG
CGATCGAT
GCCTGATA
CGTACATG
AGTGACTC
CTATCGGA
AGTGTCAC
AGCGCATT
CGTA
ACGTACGT
GATGCATC
AGGTTACC
ATCTGGCA
CGGACATT
GGCTATCA
TAGGCACT
GGCACATT
GTCGATAC
GATCTGAC
TCAAGTCG
TGATCGCA
AATGGCCT
ATGAGCCT
GATAGTCC
TGTCAAGC
CTTGAAGC
GTCCTAGA
GTGATCAC
TTGACGCA
ACCTGGTA
GTATCACG
TGACGCAT
ACTTAGGC
ACATGTCG
TTGGACCA
GTGCACAT
TGCATGCA
ATGCTACG
GACCATGT
CGCTATGA
TGACATCG
CGTCGATA
ATGCTGCA
ATCAGTGC
CAATGCGT
GGACTATC
ACACTGGT
AGCTCTAG
ATCTGCAG
CGTTACAG
TCGCGTAA
ATGCCGAT
TTGCAGAC
CACGATGT
CTAGCAGT
CGGATCTA
CGTATCGA
TGCCGAAT
TATGGCCA
CGGCTAAT
TGCAGCTA
GTTACGAC
TGCAGTCA
CATAGGTC
TGCTGAAC
CGAATGCT
AGCTCGAT
TCCAGGAT
CTAGCAGT
GCGTAATC
ATGC
GGCACTAT
AATCCTGG
GAGCACTT
GTAGCTCA
TATCGCAG
AGCGTCTA
TGATACCG
TAGGACTC
GCTATGAC
CGTATACG
TCAATGGC
TAGCCAGT
AAGTCCGT
AATCGTCG
TCCTGAGA
ACGGATCT
CTGCGAAT
AATCGTGC
CAGT
CGGCATTA
TCGAAGCT
TATACGGC
TGTACACG
TAGCGTAC
AAGCGCTT
AGTACTGC
TCAGTCGA
TAGCTCGA
CTCTAAGG
TAGCATCG
CACTGAGT
GTATGACC
GATCAGTC
GATGCTCA
ACGTGATC
TAAGTCCG
GTCCGAAT
CATGTAGC
CGTACGTA
TTGAACCG
TCCGTGAA
TCCGAGTA
CGAATTCG
GACGACTT
TATGGCCA
AATCCGGT
TATGGCAC
ACTGGCTA
TCAATGCG
GGTAATCC
ACGACTTG
GGCTATCA
GACGTTAC
CATGGTAC
AGTTACGC
TCCGGAAT
CAGGATCT
AGAGTCCT
TCGAGTCA
TGGTACCA
CGTGACTA
ATGCGTAC
CTGTGCAA
AAGCGCTT
ACTACTGG
TAAGCCTG
GAACGTCT
ACGAGTTC
TGCA
GGACTTCA
GCTTACGA
TAGCGCTA
GCTAACTG
AGAGTCTC
GACTAGTC
TGCCGTAA
CTAG
TCACAGGT
GCGTACTA
TCGTCGAA
CAGCATTG
CATTACGG
GGCCAATT
ATCGAGTC
CCGTTAAG
ATACGCGT
GTAAGCCT
GATCCGAT
CTGGCATA
CGGCATTA
TCTAACGG
ACCGGTAT
GTTGACAC
TACGATCG
GATC
ATGTCCAG
CTGA
CAACTTGG
TTGACCAG
GATGCTAC
GAGTACTC
CATTCAGG
TTGACACG
CGTTACGA
CCATAGTG
TTGACCGA
GTCAAGCT
GCCTGAAT
TGATAGCC
TTCAGGAC
CTGCAGTA
CTATGAGC
CATCTAGG
TACG
GTCTCAAG
TGGCTCAA
ATGACGCT
ATGACTGC
ATTCGCGA
CTCATAGG
CGTGAACT
GTGCATAC
TGGCCAAT
TCTGACGA
TTACAGCG
ATGATCGC
GCCAGTAT
TTCGAGAC
ACGTGACT
CTGGTAAC
GTTACACG
AGATCGCT
GCTAGATC
AGTTGCCA
GCGACTAT
ATGACCTG
ACTCGGAT
TTCGAACG
GGCCATTA
GTGCAACT
TCAAGCGT
TCTAACGG
ATGATGCC
ATCTGGCA
CATATGGC
GAACTGTC
CGGCTAAT
CCGAATGT
AGTTCACG
ATGGTCAC
AGTACTGC
GACGTCAT
TGACCATG
TAGCACGT
GGTTACAC
GGCCATTA
ATAGTCGC
ACTCAGGT
GACTATGC
TTGCGAAC
TCTGACGA
TCAGTCAG
TACGACTG
CTAGGTCA
GACCAGTT
TAGCACTG
ACCGGTAT
GATC
TGAC
CAGT
CCTGAGTA
ATCGAGTC
ATGCAGTC
AGACTTGC
TCAAGTGC
TAACCTGG
AACGTCGT
CGAAGTTC
TAGATCCG
ATGTACGC
AGTATCGC
CATGTCAG
ATGCACGT
GACT
AAGGCTTC
GTACTGCA
TACGTCGA
ACGTGACT
CTGACAGT
AGGCCTTA
CCAGTTGA
CCATGGAT
CTTCAGAG
AGTAGTCC
CAAGCGTT
GCTAGTCA
CGGAACTT
AGCTGTAC
GACCGTTA
ATACTGGC
TCGATGCA
GTACTACG
ACGACTGT
TGTACAGC
AGACTGCT
GTCATCAG
AGGCTTAC
TCGACTAG
AGTCTCAG
GTCCTAGA
GCGTACTA
TACTGAGC
AGCGTTAC
CGTAGATC
CACGTGTA
AATGCCGT
GAATTCGC
AGGCTCAT
CGTACAGT
CGCGTAAT
GCAACGTT
CAACTTGG
TTCAACGG
TCGGCAAT
ACGAGTTC
TGTGACCA
TGGACCTA
ATGATCGC
ATCCAGGT
CGTGATCA
CGATGATC
ACTAGCGT
CTCATAGG
TAAGCTCG
CTGA
TTGACCGA
GAGTCCTA
ACTG
TCAGAGCT
CGGATTAC
TAGCTCGA
TATCAGCG
TCCAGTAG
CGAGCATT
CATGTAGC
ACTG
ATAGTGCC
ATCCTGAG
ACGATTCG
ACGTCGAT
CGTTAACG
ACGCTTAG
AGCATTCG
CTGTCGAA
AGGCCATT
GTCAGCTA
ACCGGTAT
ATGCACGT
TGCGCTAA
CCTAGATG
ATGTACGC
AATCTGGC
AGTGCTCA
ACTTGAGC
ATTAGCGC
AGTC
CCAGGTAT
CGCTATAG
TCAG
TGTACCAG
TCGAGCTA
ATAGCCTG
TAGGCTAC
GACCATTG
